2023-12-23 19:25:55,878 INFO o.a.j.u.JMeterUtils: Setting Locale to en_EN
2023-12-23 19:25:55,894 INFO o.a.j.JMeter: Loading user properties from: /Users/kseniia.piskun/Desktop/apache-jmeter-5.6.2/bin/user.properties
2023-12-23 19:25:55,894 INFO o.a.j.JMeter: Loading system properties from: /Users/kseniia.piskun/Desktop/apache-jmeter-5.6.2/bin/system.properties
2023-12-23 19:25:55,895 INFO o.a.j.JMeter: Setting JMeter property: baseURL=https://petstore.swagger.io
2023-12-23 19:25:55,895 INFO o.a.j.JMeter: Setting JMeter property: csvFilePath=/Users/kseniia.piskun/Desktop/apache-jmeter-5.6.2/test_data.csv
2023-12-23 19:25:55,898 INFO o.a.j.JMeter: Copyright (c) 1998-2023 The Apache Software Foundation
2023-12-23 19:25:55,899 INFO o.a.j.JMeter: Version 5.6.2
2023-12-23 19:25:55,899 INFO o.a.j.JMeter: java.version=21.0.1
2023-12-23 19:25:55,899 INFO o.a.j.JMeter: java.vm.name=Java HotSpot(TM) 64-Bit Server VM
2023-12-23 19:25:55,899 INFO o.a.j.JMeter: os.name=Mac OS X
2023-12-23 19:25:55,899 INFO o.a.j.JMeter: os.arch=x86_64
2023-12-23 19:25:55,899 INFO o.a.j.JMeter: os.version=14.1.1
2023-12-23 19:25:55,899 INFO o.a.j.JMeter: file.encoding=UTF-8
2023-12-23 19:25:55,899 INFO o.a.j.JMeter: java.awt.headless=true
2023-12-23 19:25:55,899 INFO o.a.j.JMeter: Max memory     =1073741824
2023-12-23 19:25:55,899 INFO o.a.j.JMeter: Available Processors =12
2023-12-23 19:25:55,906 INFO o.a.j.JMeter: Default Locale=English (EN)
2023-12-23 19:25:55,906 INFO o.a.j.JMeter: JMeter  Locale=English (EN)
2023-12-23 19:25:55,906 INFO o.a.j.JMeter: JMeterHome=/Users/kseniia.piskun/Desktop/apache-jmeter-5.6.2
2023-12-23 19:25:55,906 INFO o.a.j.JMeter: user.dir  =/Users/kseniia.piskun/Desktop/assignment3_piskun
2023-12-23 19:25:55,907 INFO o.a.j.JMeter: PWD       =/Users/kseniia.piskun/Desktop/assignment3_piskun
2023-12-23 19:25:55,912 INFO o.a.j.JMeter: IP: 192.168.50.79 Name: WS-LV-CP4254 FullName: ws-lv-cp4254
2023-12-23 19:25:55,922 INFO o.a.j.JMeter: Setting property 'jmeter.reportgenerator.outputdir' to:'/Users/kseniia.piskun/Desktop/assignment3_piskun/assignment3_piskun'
2023-12-23 19:25:55,925 INFO o.a.j.s.FileServer: Default base='/Users/kseniia.piskun/Desktop/assignment3_piskun'
2023-12-23 19:25:55,926 INFO o.a.j.s.FileServer: Set new base='/Users/kseniia.piskun/Desktop/apache-jmeter-5.6.2'
2023-12-23 19:25:56,081 INFO o.a.j.s.SaveService: Testplan (JMX) version: 2.2. Testlog (JTL) version: 2.2
2023-12-23 19:25:56,104 INFO o.a.j.s.SaveService: Using SaveService properties version 5.0
2023-12-23 19:25:56,106 INFO o.a.j.s.SaveService: Using SaveService properties file encoding UTF-8
2023-12-23 19:25:56,108 INFO o.a.j.s.SaveService: Loading file: /Users/kseniia.piskun/Desktop/apache-jmeter-5.6.2/user_api_test.jmx
2023-12-23 19:25:56,154 INFO o.a.j.p.h.s.HTTPSamplerBase: Parser for text/html is org.apache.jmeter.protocol.http.parser.LagartoBasedHtmlParser
2023-12-23 19:25:56,155 INFO o.a.j.p.h.s.HTTPSamplerBase: Parser for application/xhtml+xml is org.apache.jmeter.protocol.http.parser.LagartoBasedHtmlParser
2023-12-23 19:25:56,155 INFO o.a.j.p.h.s.HTTPSamplerBase: Parser for application/xml is org.apache.jmeter.protocol.http.parser.LagartoBasedHtmlParser
2023-12-23 19:25:56,155 INFO o.a.j.p.h.s.HTTPSamplerBase: Parser for text/xml is org.apache.jmeter.protocol.http.parser.LagartoBasedHtmlParser
2023-12-23 19:25:56,155 INFO o.a.j.p.h.s.HTTPSamplerBase: Parser for text/vnd.wap.wml is org.apache.jmeter.protocol.http.parser.RegexpHTMLParser
2023-12-23 19:25:56,155 INFO o.a.j.p.h.s.HTTPSamplerBase: Parser for text/css is org.apache.jmeter.protocol.http.parser.CssParser
2023-12-23 19:25:56,178 INFO o.a.j.JMeter: Creating summariser <summary>
2023-12-23 19:25:56,181 INFO o.a.j.r.d.ReportGenerator: ReportGenerator will use for Parsing the separator: ','
2023-12-23 19:25:56,181 INFO o.a.j.r.d.ReportGenerator: Will generate report at end of test from  results file: assignment3_piskun/test_results.jtl
2023-12-23 19:25:56,181 INFO o.a.j.r.d.ReportGenerator: Reading report generator properties from: /Users/kseniia.piskun/Desktop/apache-jmeter-5.6.2/bin/reportgenerator.properties
2023-12-23 19:25:56,183 INFO o.a.j.r.d.ReportGenerator: Merging with JMeter properties
2023-12-23 19:25:56,188 INFO o.a.j.r.c.ReportGeneratorConfiguration: Property 'jmeter.reportgenerator.temp_dir' not found, using default value 'temp' instead.
2023-12-23 19:25:56,190 INFO o.a.j.r.c.ReportGeneratorConfiguration: Property 'jmeter.reportgenerator.apdex_per_transaction' not found, using default value 'null' instead.
2023-12-23 19:25:56,190 INFO o.a.j.r.c.ReportGeneratorConfiguration: apdex_per_transaction is empty, not APDEX per transaction customization
2023-12-23 19:25:56,190 INFO o.a.j.r.c.ReportGeneratorConfiguration: Property 'jmeter.reportgenerator.sample_filter' not found, using default value 'null' instead.
2023-12-23 19:25:56,191 INFO o.a.j.r.c.ReportGeneratorConfiguration: Property 'jmeter.reportgenerator.report_title' not found, using default value 'null' instead.
2023-12-23 19:25:56,191 INFO o.a.j.r.c.ReportGeneratorConfiguration: Property 'jmeter.reportgenerator.start_date' not found, using default value 'null' instead.
2023-12-23 19:25:56,191 INFO o.a.j.r.c.ReportGeneratorConfiguration: Property 'jmeter.reportgenerator.end_date' not found, using default value 'null' instead.
2023-12-23 19:25:56,191 INFO o.a.j.r.c.ReportGeneratorConfiguration: Property 'jmeter.reportgenerator.date_format' not found, using default value 'null' instead.
2023-12-23 19:25:56,191 INFO o.a.j.r.c.ReportGeneratorConfiguration: Will use date range start date: null, end date: null
2023-12-23 19:25:56,195 INFO o.a.j.r.c.ReportGeneratorConfiguration: Property 'jmeter.reportgenerator.graph.totalTPS.exclude_controllers' not found, using default value 'false' instead.
2023-12-23 19:25:56,195 INFO o.a.j.r.c.ReportGeneratorConfiguration: Property 'jmeter.reportgenerator.graph.activeThreadsOverTime.exclude_controllers' not found, using default value 'false' instead.
2023-12-23 19:25:56,195 INFO o.a.j.r.c.ReportGeneratorConfiguration: Property 'jmeter.reportgenerator.graph.timeVsThreads.exclude_controllers' not found, using default value 'false' instead.
2023-12-23 19:25:56,195 INFO o.a.j.r.c.ReportGeneratorConfiguration: Property 'jmeter.reportgenerator.graph.responseTimeDistribution.exclude_controllers' not found, using default value 'false' instead.
2023-12-23 19:25:56,195 INFO o.a.j.r.c.ReportGeneratorConfiguration: Property 'jmeter.reportgenerator.graph.transactionsPerSecond.exclude_controllers' not found, using default value 'false' instead.
2023-12-23 19:25:56,195 INFO o.a.j.r.c.ReportGeneratorConfiguration: Property 'jmeter.reportgenerator.graph.responseTimePercentiles.exclude_controllers' not found, using default value 'false' instead.
2023-12-23 19:25:56,195 INFO o.a.j.r.c.ReportGeneratorConfiguration: Property 'jmeter.reportgenerator.graph.responseTimePercentilesOverTime.exclude_controllers' not found, using default value 'false' instead.
2023-12-23 19:25:56,196 INFO o.a.j.r.c.ReportGeneratorConfiguration: Property 'jmeter.reportgenerator.graph.responseTimesOverTime.exclude_controllers' not found, using default value 'false' instead.
2023-12-23 19:25:56,196 INFO o.a.j.r.c.ReportGeneratorConfiguration: Property 'jmeter.reportgenerator.graph.connectTimeOverTime.exclude_controllers' not found, using default value 'false' instead.
2023-12-23 19:25:56,196 INFO o.a.j.r.c.ReportGeneratorConfiguration: Property 'jmeter.reportgenerator.graph.latenciesOverTime.exclude_controllers' not found, using default value 'false' instead.
2023-12-23 19:25:56,196 INFO o.a.j.r.c.ReportGeneratorConfiguration: Property 'jmeter.reportgenerator.exporter.json.filters_only_sample_series' not found, using default value 'true' instead.
2023-12-23 19:25:56,196 INFO o.a.j.r.c.ReportGeneratorConfiguration: Property 'jmeter.reportgenerator.exporter.json.series_filter' not found, using default value '' instead.
2023-12-23 19:25:56,197 INFO o.a.j.r.c.ReportGeneratorConfiguration: Property 'jmeter.reportgenerator.exporter.json.show_controllers_only' not found, using default value 'false' instead.
2023-12-23 19:25:56,197 INFO o.a.j.r.c.ReportGeneratorConfiguration: Property 'jmeter.reportgenerator.exporter.html.filters_only_sample_series' not found, using default value 'true' instead.
2023-12-23 19:25:56,197 INFO o.a.j.r.c.ReportGeneratorConfiguration: Property 'jmeter.reportgenerator.exporter.html.series_filter' not found, using default value '' instead.
2023-12-23 19:25:56,197 INFO o.a.j.r.c.ReportGeneratorConfiguration: Property 'jmeter.reportgenerator.exporter.html.show_controllers_only' not found, using default value 'false' instead.
2023-12-23 19:25:56,209 INFO o.a.j.e.StandardJMeterEngine: Running the test!
2023-12-23 19:25:56,210 INFO o.a.j.s.SampleEvent: List of sample_variables: []
2023-12-23 19:25:56,210 INFO o.a.j.s.SampleEvent: List of sample_variables: []
2023-12-23 19:25:56,213 INFO o.a.j.e.u.CompoundVariable: Note: Function class names must contain the string: '.functions.'
2023-12-23 19:25:56,213 INFO o.a.j.e.u.CompoundVariable: Note: Function class names must not contain the string: '.gui.'
2023-12-23 19:25:56,286 INFO o.a.j.r.ResultCollector: Folder at /Users/kseniia.piskun/Desktop/assignment3_piskun/assignment3_piskun was created
2023-12-23 19:25:56,295 INFO o.a.j.JMeter: Running test (1703352356295)
2023-12-23 19:25:56,320 INFO o.a.j.e.StandardJMeterEngine: Starting ThreadGroup: 1 : Thread Group
2023-12-23 19:25:56,320 INFO o.a.j.e.StandardJMeterEngine: Starting 10 threads for group Thread Group.
2023-12-23 19:25:56,320 INFO o.a.j.e.StandardJMeterEngine: Thread will continue on error
2023-12-23 19:25:56,321 INFO o.a.j.t.ThreadGroup: Starting thread group... number=1 threads=10 ramp-up=100 delayedStart=false
2023-12-23 19:25:56,330 INFO o.a.j.t.ThreadGroup: Started thread group number 1
2023-12-23 19:25:56,330 INFO o.a.j.e.StandardJMeterEngine: All thread groups have been started
2023-12-23 19:25:56,367 INFO o.a.j.t.JMeterThread: Thread started: Thread Group 1-1
2023-12-23 19:25:56,368 ERROR o.a.j.t.JMeterThread: Test failed!
java.lang.IllegalArgumentException: Filename must not be null or empty
	at org.apache.jmeter.services.FileServer.reserveFile(FileServer.java:256) ~[ApacheJMeter_core.jar:5.6.2]
	at org.apache.jmeter.config.CSVDataSet.initVars(CSVDataSet.java:208) ~[ApacheJMeter_components.jar:5.6.2]
	at org.apache.jmeter.config.CSVDataSet.iterationStart(CSVDataSet.java:171) ~[ApacheJMeter_components.jar:5.6.2]
	at org.apache.jmeter.control.GenericController.fireIterationStart(GenericController.java:412) ~[ApacheJMeter_core.jar:5.6.2]
	at org.apache.jmeter.control.GenericController.fireIterEvents(GenericController.java:404) ~[ApacheJMeter_core.jar:5.6.2]
	at org.apache.jmeter.control.GenericController.next(GenericController.java:170) ~[ApacheJMeter_core.jar:5.6.2]
	at org.apache.jmeter.control.LoopController.next(LoopController.java:119) ~[ApacheJMeter_core.jar:5.6.2]
	at org.apache.jmeter.threads.AbstractThreadGroup.next(AbstractThreadGroup.java:109) ~[ApacheJMeter_core.jar:5.6.2]
	at org.apache.jmeter.threads.JMeterThread.run(JMeterThread.java:266) ~[ApacheJMeter_core.jar:5.6.2]
	at java.lang.Thread.run(Thread.java:1583) [?:?]
2023-12-23 19:25:56,374 INFO o.a.j.t.JMeterThread: Thread finished: Thread Group 1-1
2023-12-23 19:26:06,369 INFO o.a.j.t.JMeterThread: Thread started: Thread Group 1-2
2023-12-23 19:26:06,370 ERROR o.a.j.t.JMeterThread: Test failed!
java.lang.IllegalArgumentException: Filename must not be null or empty
	at org.apache.jmeter.services.FileServer.reserveFile(FileServer.java:256) ~[ApacheJMeter_core.jar:5.6.2]
	at org.apache.jmeter.config.CSVDataSet.initVars(CSVDataSet.java:208) ~[ApacheJMeter_components.jar:5.6.2]
	at org.apache.jmeter.config.CSVDataSet.iterationStart(CSVDataSet.java:171) ~[ApacheJMeter_components.jar:5.6.2]
	at org.apache.jmeter.control.GenericController.fireIterationStart(GenericController.java:412) ~[ApacheJMeter_core.jar:5.6.2]
	at org.apache.jmeter.control.GenericController.fireIterEvents(GenericController.java:404) ~[ApacheJMeter_core.jar:5.6.2]
	at org.apache.jmeter.control.GenericController.next(GenericController.java:170) ~[ApacheJMeter_core.jar:5.6.2]
	at org.apache.jmeter.control.LoopController.next(LoopController.java:119) ~[ApacheJMeter_core.jar:5.6.2]
	at org.apache.jmeter.threads.AbstractThreadGroup.next(AbstractThreadGroup.java:109) ~[ApacheJMeter_core.jar:5.6.2]
	at org.apache.jmeter.threads.JMeterThread.run(JMeterThread.java:266) ~[ApacheJMeter_core.jar:5.6.2]
	at java.lang.Thread.run(Thread.java:1583) [?:?]
2023-12-23 19:26:06,370 INFO o.a.j.t.JMeterThread: Thread finished: Thread Group 1-2
2023-12-23 19:26:10,995 INFO o.a.j.r.ResultCollector: Shutdown hook started
2023-12-23 19:26:10,996 INFO o.a.j.r.ResultCollector: Shutdown hook ended
